<?xml version="1.0" encoding="UTF-8"?>
<coverage generated="1701799061511" clover="3.2.0">
  <project timestamp="1701799061511" name="All files">
    <metrics statements="45" coveredstatements="41" conditionals="8" coveredconditionals="5" methods="8" coveredmethods="6" elements="61" coveredelements="52" complexity="0" loc="45" ncloc="45" packages="2" files="2" classes="2"/>
    <package name="Gatos">
      <metrics statements="19" coveredstatements="16" conditionals="4" coveredconditionals="2" methods="4" coveredmethods="2"/>
      <file name="gatos.js" path="C:\Users\Inkapuff\ProjetoFinal-reprograma\Gatos\gatos.js">
        <metrics statements="19" coveredstatements="16" conditionals="4" coveredconditionals="2" methods="4" coveredmethods="2"/>
        <line num="4" count="11" type="stmt"/>
        <line num="5" count="11" type="stmt"/>
        <line num="6" count="11" type="stmt"/>
        <line num="7" count="11" type="stmt"/>
        <line num="8" count="11" type="stmt"/>
        <line num="9" count="11" type="stmt"/>
        <line num="10" count="11" type="stmt"/>
        <line num="11" count="11" type="stmt"/>
        <line num="15" count="0" type="stmt"/>
        <line num="19" count="0" type="stmt"/>
        <line num="23" count="2" type="cond" truecount="2" falsecount="2"/>
        <line num="24" count="2" type="stmt"/>
        <line num="25" count="2" type="stmt"/>
        <line num="27" count="0" type="stmt"/>
        <line num="32" count="2" type="stmt"/>
        <line num="33" count="2" type="stmt"/>
        <line num="34" count="2" type="stmt"/>
        <line num="35" count="2" type="stmt"/>
        <line num="36" count="2" type="stmt"/>
      </file>
    </package>
    <package name="ProjetoLarTemporario">
      <metrics statements="26" coveredstatements="25" conditionals="4" coveredconditionals="3" methods="4" coveredmethods="4"/>
      <file name="projetoLarTemporario.js" path="C:\Users\Inkapuff\ProjetoFinal-reprograma\ProjetoLarTemporario\projetoLarTemporario.js">
        <metrics statements="26" coveredstatements="25" conditionals="4" coveredconditionals="3" methods="4" coveredmethods="4"/>
        <line num="1" count="1" type="stmt"/>
        <line num="5" count="4" type="stmt"/>
        <line num="6" count="4" type="stmt"/>
        <line num="7" count="4" type="stmt"/>
        <line num="10" count="7" type="cond" truecount="2" falsecount="0"/>
        <line num="11" count="6" type="stmt"/>
        <line num="12" count="6" type="stmt"/>
        <line num="13" count="6" type="stmt"/>
        <line num="15" count="1" type="stmt"/>
        <line num="20" count="2" type="cond" truecount="1" falsecount="1"/>
        <line num="21" count="0" type="stmt"/>
        <line num="24" count="2" type="stmt"/>
        <line num="25" count="5" type="stmt"/>
        <line num="26" count="2" type="stmt"/>
        <line num="30" count="1" type="stmt"/>
        <line num="31" count="1" type="stmt"/>
        <line num="32" count="1" type="stmt"/>
        <line num="33" count="1" type="stmt"/>
        <line num="34" count="1" type="stmt"/>
        <line num="35" count="1" type="stmt"/>
        <line num="36" count="1" type="stmt"/>
        <line num="37" count="1" type="stmt"/>
        <line num="38" count="1" type="stmt"/>
        <line num="39" count="1" type="stmt"/>
        <line num="40" count="1" type="stmt"/>
        <line num="42" count="1" type="stmt"/>
      </file>
    </package>
  </project>
</coverage>
