<?xml version="1.0" encoding="UTF-8"?>
<coverage generated="1701981826706" clover="3.2.0">
  <project timestamp="1701981826706" name="All files">
    <metrics statements="51" coveredstatements="47" conditionals="20" coveredconditionals="14" methods="14" coveredmethods="12" elements="85" coveredelements="73" complexity="0" loc="51" ncloc="51" packages="3" files="3" classes="3"/>
    <package name="Formulário">
      <metrics statements="17" coveredstatements="16" conditionals="12" coveredconditionals="8" methods="5" coveredmethods="4"/>
      <file name="formularioDeAdocao.js" path="C:\Users\Inkapuff\ProjetoFinal-reprograma\Formulário\formularioDeAdocao.js">
        <metrics statements="17" coveredstatements="16" conditionals="12" coveredconditionals="8" methods="5" coveredmethods="4"/>
        <line num="1" count="1" type="stmt"/>
        <line num="5" count="6" type="stmt"/>
        <line num="6" count="6" type="stmt"/>
        <line num="7" count="6" type="stmt"/>
        <line num="10" count="2" type="cond" truecount="2" falsecount="0"/>
        <line num="11" count="1" type="stmt"/>
        <line num="13" count="1" type="stmt"/>
        <line num="21" count="2" type="cond" truecount="1" falsecount="1"/>
        <line num="22" count="2" type="cond" truecount="2" falsecount="0"/>
        <line num="23" count="1" type="stmt"/>
        <line num="25" count="1" type="stmt"/>
        <line num="31" count="2" type="cond" truecount="1" falsecount="1"/>
        <line num="32" count="2" type="cond" truecount="2" falsecount="0"/>
        <line num="33" count="1" type="stmt"/>
        <line num="35" count="1" type="stmt"/>
        <line num="40" count="0" type="cond" truecount="0" falsecount="2"/>
        <line num="47" count="1" type="stmt"/>
      </file>
    </package>
    <package name="Gatos">
      <metrics statements="16" coveredstatements="16" conditionals="4" coveredconditionals="3" methods="4" coveredmethods="4"/>
      <file name="gatos.js" path="C:\Users\Inkapuff\ProjetoFinal-reprograma\Gatos\gatos.js">
        <metrics statements="16" coveredstatements="16" conditionals="4" coveredconditionals="3" methods="4" coveredmethods="4"/>
        <line num="4" count="7" type="stmt"/>
        <line num="5" count="7" type="stmt"/>
        <line num="6" count="7" type="stmt"/>
        <line num="7" count="7" type="stmt"/>
        <line num="8" count="7" type="stmt"/>
        <line num="9" count="7" type="stmt"/>
        <line num="10" count="7" type="stmt"/>
        <line num="11" count="7" type="stmt"/>
        <line num="15" count="1" type="stmt"/>
        <line num="19" count="1" type="stmt"/>
        <line num="23" count="2" type="cond" truecount="1" falsecount="1"/>
        <line num="24" count="2" type="cond" truecount="2" falsecount="0"/>
        <line num="25" count="1" type="stmt"/>
        <line num="26" count="1" type="stmt"/>
        <line num="28" count="1" type="stmt"/>
        <line num="42" count="3" type="stmt"/>
      </file>
    </package>
    <package name="ProjetoLarTemporario">
      <metrics statements="18" coveredstatements="15" conditionals="4" coveredconditionals="3" methods="5" coveredmethods="4"/>
      <file name="projetoLarTemporario.js" path="C:\Users\Inkapuff\ProjetoFinal-reprograma\ProjetoLarTemporario\projetoLarTemporario.js">
        <metrics statements="18" coveredstatements="15" conditionals="4" coveredconditionals="3" methods="5" coveredmethods="4"/>
        <line num="1" count="1" type="stmt"/>
        <line num="5" count="3" type="stmt"/>
        <line num="6" count="3" type="stmt"/>
        <line num="7" count="3" type="stmt"/>
        <line num="8" count="3" type="stmt"/>
        <line num="11" count="4" type="cond" truecount="2" falsecount="0"/>
        <line num="12" count="3" type="stmt"/>
        <line num="13" count="3" type="stmt"/>
        <line num="14" count="3" type="stmt"/>
        <line num="16" count="1" type="stmt"/>
        <line num="21" count="1" type="cond" truecount="1" falsecount="1"/>
        <line num="22" count="0" type="stmt"/>
        <line num="25" count="1" type="stmt"/>
        <line num="26" count="2" type="stmt"/>
        <line num="27" count="1" type="stmt"/>
        <line num="31" count="0" type="stmt"/>
        <line num="32" count="0" type="stmt"/>
        <line num="48" count="1" type="stmt"/>
      </file>
    </package>
  </project>
</coverage>
