{"C:\\Users\\Inkapuff\\ProjetoFinal-reprograma\\Formulário\\formularioDeAdocao.js": {"path":"C:\\Users\\Inkapuff\\ProjetoFinal-reprograma\\Formulário\\formularioDeAdocao.js","statementMap":{"0":{"start":{"line":1,"column":13},"end":{"line":1,"column":40}},"1":{"start":{"line":2,"column":29},"end":{"line":2,"column":86}},"2":{"start":{"line":6,"column":8},"end":{"line":6,"column":28}},"3":{"start":{"line":7,"column":8},"end":{"line":7,"column":41}},"4":{"start":{"line":8,"column":8},"end":{"line":8,"column":33}},"5":{"start":{"line":9,"column":8},"end":{"line":9,"column":50}},"6":{"start":{"line":10,"column":8},"end":{"line":10,"column":45}},"7":{"start":{"line":13,"column":8},"end":{"line":17,"column":9}},"8":{"start":{"line":14,"column":12},"end":{"line":14,"column":65}},"9":{"start":{"line":16,"column":12},"end":{"line":16,"column":74}},"10":{"start":{"line":20,"column":8},"end":{"line":26,"column":9}},"11":{"start":{"line":21,"column":12},"end":{"line":25,"column":13}},"12":{"start":{"line":22,"column":16},"end":{"line":22,"column":97}},"13":{"start":{"line":24,"column":16},"end":{"line":24,"column":81}},"14":{"start":{"line":29,"column":8},"end":{"line":35,"column":9}},"15":{"start":{"line":30,"column":12},"end":{"line":34,"column":13}},"16":{"start":{"line":31,"column":16},"end":{"line":31,"column":97}},"17":{"start":{"line":33,"column":16},"end":{"line":33,"column":81}},"18":{"start":{"line":38,"column":8},"end":{"line":43,"column":9}},"19":{"start":{"line":39,"column":12},"end":{"line":39,"column":98}},"20":{"start":{"line":40,"column":12},"end":{"line":40,"column":52}},"21":{"start":{"line":42,"column":12},"end":{"line":42,"column":62}},"22":{"start":{"line":48,"column":0},"end":{"line":48,"column":33}}},"fnMap":{"0":{"name":"(anonymous_0)","decl":{"start":{"line":5,"column":4},"end":{"line":5,"column":5}},"loc":{"start":{"line":5,"column":74},"end":{"line":11,"column":5}},"line":5},"1":{"name":"(anonymous_1)","decl":{"start":{"line":12,"column":4},"end":{"line":12,"column":5}},"loc":{"start":{"line":12,"column":24},"end":{"line":18,"column":5}},"line":12},"2":{"name":"(anonymous_2)","decl":{"start":{"line":19,"column":4},"end":{"line":19,"column":5}},"loc":{"start":{"line":19,"column":46},"end":{"line":27,"column":5}},"line":19},"3":{"name":"(anonymous_3)","decl":{"start":{"line":28,"column":4},"end":{"line":28,"column":5}},"loc":{"start":{"line":28,"column":61},"end":{"line":36,"column":5}},"line":28},"4":{"name":"(anonymous_4)","decl":{"start":{"line":37,"column":4},"end":{"line":37,"column":5}},"loc":{"start":{"line":37,"column":60},"end":{"line":44,"column":5}},"line":37}},"branchMap":{"0":{"loc":{"start":{"line":13,"column":8},"end":{"line":17,"column":9}},"type":"if","locations":[{"start":{"line":13,"column":8},"end":{"line":17,"column":9}},{"start":{"line":15,"column":13},"end":{"line":17,"column":9}}],"line":13},"1":{"loc":{"start":{"line":20,"column":8},"end":{"line":26,"column":9}},"type":"if","locations":[{"start":{"line":20,"column":8},"end":{"line":26,"column":9}},{"start":{},"end":{}}],"line":20},"2":{"loc":{"start":{"line":21,"column":12},"end":{"line":25,"column":13}},"type":"if","locations":[{"start":{"line":21,"column":12},"end":{"line":25,"column":13}},{"start":{"line":23,"column":17},"end":{"line":25,"column":13}}],"line":21},"3":{"loc":{"start":{"line":29,"column":8},"end":{"line":35,"column":9}},"type":"if","locations":[{"start":{"line":29,"column":8},"end":{"line":35,"column":9}},{"start":{},"end":{}}],"line":29},"4":{"loc":{"start":{"line":30,"column":12},"end":{"line":34,"column":13}},"type":"if","locations":[{"start":{"line":30,"column":12},"end":{"line":34,"column":13}},{"start":{"line":32,"column":17},"end":{"line":34,"column":13}}],"line":30},"5":{"loc":{"start":{"line":38,"column":8},"end":{"line":43,"column":9}},"type":"if","locations":[{"start":{"line":38,"column":8},"end":{"line":43,"column":9}},{"start":{"line":41,"column":13},"end":{"line":43,"column":9}}],"line":38}},"s":{"0":1,"1":1,"2":8,"3":8,"4":8,"5":8,"6":8,"7":2,"8":1,"9":1,"10":2,"11":2,"12":1,"13":1,"14":2,"15":2,"16":1,"17":1,"18":2,"19":1,"20":1,"21":1,"22":1},"f":{"0":8,"1":2,"2":2,"3":2,"4":2},"b":{"0":[1,1],"1":[2,0],"2":[1,1],"3":[2,0],"4":[1,1],"5":[1,1]},"_coverageSchema":"1a1c01bbd47fc00a2c39e90264f33305004495a9","hash":"fcfe1bd3933ee39c0b685b09807bd006fb7a3f31"}
,"C:\\Users\\Inkapuff\\ProjetoFinal-reprograma\\Gatos\\gatos.js": {"path":"C:\\Users\\Inkapuff\\ProjetoFinal-reprograma\\Gatos\\gatos.js","statementMap":{"0":{"start":{"line":4,"column":8},"end":{"line":4,"column":25}},"1":{"start":{"line":5,"column":8},"end":{"line":5,"column":40}},"2":{"start":{"line":6,"column":8},"end":{"line":6,"column":23}},"3":{"start":{"line":7,"column":8},"end":{"line":7,"column":24}},"4":{"start":{"line":8,"column":8},"end":{"line":8,"column":32}},"5":{"start":{"line":11,"column":8},"end":{"line":11,"column":30}},"6":{"start":{"line":14,"column":8},"end":{"line":14,"column":53}},"7":{"start":{"line":17,"column":0},"end":{"line":17,"column":21}}},"fnMap":{"0":{"name":"(anonymous_0)","decl":{"start":{"line":3,"column":4},"end":{"line":3,"column":5}},"loc":{"start":{"line":3,"column":46},"end":{"line":9,"column":5}},"line":3},"1":{"name":"(anonymous_1)","decl":{"start":{"line":10,"column":4},"end":{"line":10,"column":5}},"loc":{"start":{"line":10,"column":18},"end":{"line":12,"column":5}},"line":10},"2":{"name":"(anonymous_2)","decl":{"start":{"line":13,"column":4},"end":{"line":13,"column":5}},"loc":{"start":{"line":13,"column":38},"end":{"line":15,"column":5}},"line":13}},"branchMap":{},"s":{"0":13,"1":13,"2":13,"3":13,"4":13,"5":1,"6":1,"7":4},"f":{"0":13,"1":1,"2":1},"b":{},"_coverageSchema":"1a1c01bbd47fc00a2c39e90264f33305004495a9","hash":"43b312de987804de79785f0696f2def30f8cbb04"}
,"C:\\Users\\Inkapuff\\ProjetoFinal-reprograma\\Histórico Médico\\historicoMedico.js": {"path":"C:\\Users\\Inkapuff\\ProjetoFinal-reprograma\\Histórico Médico\\historicoMedico.js","statementMap":{"0":{"start":{"line":1,"column":13},"end":{"line":1,"column":40}},"1":{"start":{"line":4,"column":8},"end":{"line":4,"column":38}},"2":{"start":{"line":5,"column":8},"end":{"line":5,"column":37}},"3":{"start":{"line":6,"column":8},"end":{"line":6,"column":24}},"4":{"start":{"line":7,"column":8},"end":{"line":7,"column":30}},"5":{"start":{"line":10,"column":8},"end":{"line":18,"column":9}},"6":{"start":{"line":19,"column":8},"end":{"line":19,"column":40}},"7":{"start":{"line":24,"column":8},"end":{"line":24,"column":60}},"8":{"start":{"line":25,"column":12},"end":{"line":25,"column":31}},"9":{"start":{"line":29,"column":8},"end":{"line":36,"column":9}},"10":{"start":{"line":31,"column":16},"end":{"line":31,"column":102}},"11":{"start":{"line":33,"column":16},"end":{"line":33,"column":102}},"12":{"start":{"line":35,"column":16},"end":{"line":35,"column":102}},"13":{"start":{"line":40,"column":8},"end":{"line":42,"column":5}},"14":{"start":{"line":41,"column":12},"end":{"line":41,"column":39}},"15":{"start":{"line":50,"column":1},"end":{"line":50,"column":34}}},"fnMap":{"0":{"name":"(anonymous_0)","decl":{"start":{"line":3,"column":4},"end":{"line":3,"column":5}},"loc":{"start":{"line":3,"column":40},"end":{"line":8,"column":5}},"line":3},"1":{"name":"(anonymous_1)","decl":{"start":{"line":9,"column":4},"end":{"line":9,"column":5}},"loc":{"start":{"line":9,"column":90},"end":{"line":21,"column":5}},"line":9},"2":{"name":"(anonymous_2)","decl":{"start":{"line":23,"column":4},"end":{"line":23,"column":5}},"loc":{"start":{"line":23,"column":30},"end":{"line":26,"column":5}},"line":23},"3":{"name":"(anonymous_3)","decl":{"start":{"line":28,"column":4},"end":{"line":28,"column":5}},"loc":{"start":{"line":28,"column":31},"end":{"line":37,"column":5}},"line":28},"4":{"name":"(anonymous_4)","decl":{"start":{"line":39,"column":4},"end":{"line":39,"column":5}},"loc":{"start":{"line":39,"column":15},"end":{"line":42,"column":6}},"line":39}},"branchMap":{"0":{"loc":{"start":{"line":29,"column":8},"end":{"line":36,"column":9}},"type":"switch","locations":[{"start":{"line":30,"column":12},"end":{"line":31,"column":102}},{"start":{"line":32,"column":12},"end":{"line":33,"column":102}},{"start":{"line":34,"column":12},"end":{"line":35,"column":102}}],"line":29},"1":{"loc":{"start":{"line":40,"column":8},"end":{"line":42,"column":5}},"type":"if","locations":[{"start":{"line":40,"column":8},"end":{"line":42,"column":5}},{"start":{},"end":{}}],"line":40}},"s":{"0":1,"1":6,"2":6,"3":6,"4":6,"5":1,"6":1,"7":1,"8":1,"9":3,"10":1,"11":1,"12":1,"13":1,"14":1,"15":1},"f":{"0":6,"1":1,"2":1,"3":3,"4":1},"b":{"0":[1,1,1],"1":[1,0]},"_coverageSchema":"1a1c01bbd47fc00a2c39e90264f33305004495a9","hash":"dddfce3759b8d486f50eb0d5f5e238bce8a3d130"}
,"C:\\Users\\Inkapuff\\ProjetoFinal-reprograma\\ProjetoLarTemporario\\projetoLarTemporario.js": {"path":"C:\\Users\\Inkapuff\\ProjetoFinal-reprograma\\ProjetoLarTemporario\\projetoLarTemporario.js","statementMap":{"0":{"start":{"line":1,"column":13},"end":{"line":1,"column":40}},"1":{"start":{"line":5,"column":8},"end":{"line":5,"column":42}},"2":{"start":{"line":6,"column":8},"end":{"line":6,"column":28}},"3":{"start":{"line":7,"column":8},"end":{"line":7,"column":30}},"4":{"start":{"line":8,"column":8},"end":{"line":8,"column":22}},"5":{"start":{"line":9,"column":8},"end":{"line":9,"column":29}},"6":{"start":{"line":12,"column":8},"end":{"line":18,"column":9}},"7":{"start":{"line":13,"column":12},"end":{"line":13,"column":43}},"8":{"start":{"line":14,"column":12},"end":{"line":14,"column":34}},"9":{"start":{"line":15,"column":12},"end":{"line":15,"column":42}},"10":{"start":{"line":17,"column":12},"end":{"line":17,"column":52}},"11":{"start":{"line":21,"column":9},"end":{"line":28,"column":10}},"12":{"start":{"line":22,"column":13},"end":{"line":22,"column":43}},"13":{"start":{"line":25,"column":12},"end":{"line":25,"column":34}},"14":{"start":{"line":26,"column":13},"end":{"line":26,"column":90}},"15":{"start":{"line":26,"column":67},"end":{"line":26,"column":89}},"16":{"start":{"line":27,"column":13},"end":{"line":27,"column":35}},"17":{"start":{"line":32,"column":8},"end":{"line":32,"column":39}},"18":{"start":{"line":33,"column":8},"end":{"line":33,"column":43}},"19":{"start":{"line":37,"column":8},"end":{"line":44,"column":9}},"20":{"start":{"line":38,"column":12},"end":{"line":43,"column":13}},"21":{"start":{"line":39,"column":16},"end":{"line":39,"column":49}},"22":{"start":{"line":40,"column":16},"end":{"line":40,"column":39}},"23":{"start":{"line":42,"column":16},"end":{"line":42,"column":44}},"24":{"start":{"line":60,"column":0},"end":{"line":60,"column":38}}},"fnMap":{"0":{"name":"(anonymous_0)","decl":{"start":{"line":4,"column":4},"end":{"line":4,"column":5}},"loc":{"start":{"line":4,"column":30},"end":{"line":10,"column":5}},"line":4},"1":{"name":"(anonymous_1)","decl":{"start":{"line":11,"column":4},"end":{"line":11,"column":5}},"loc":{"start":{"line":11,"column":19},"end":{"line":19,"column":5}},"line":11},"2":{"name":"(anonymous_2)","decl":{"start":{"line":20,"column":4},"end":{"line":20,"column":5}},"loc":{"start":{"line":20,"column":22},"end":{"line":29,"column":5}},"line":20},"3":{"name":"(anonymous_3)","decl":{"start":{"line":26,"column":54},"end":{"line":26,"column":55}},"loc":{"start":{"line":26,"column":67},"end":{"line":26,"column":89}},"line":26},"4":{"name":"(anonymous_4)","decl":{"start":{"line":31,"column":5},"end":{"line":31,"column":6}},"loc":{"start":{"line":31,"column":25},"end":{"line":34,"column":6}},"line":31},"5":{"name":"(anonymous_5)","decl":{"start":{"line":36,"column":5},"end":{"line":36,"column":6}},"loc":{"start":{"line":36,"column":30},"end":{"line":45,"column":5}},"line":36}},"branchMap":{"0":{"loc":{"start":{"line":12,"column":8},"end":{"line":18,"column":9}},"type":"if","locations":[{"start":{"line":12,"column":8},"end":{"line":18,"column":9}},{"start":{"line":16,"column":13},"end":{"line":18,"column":9}}],"line":12},"1":{"loc":{"start":{"line":21,"column":9},"end":{"line":28,"column":10}},"type":"if","locations":[{"start":{"line":21,"column":9},"end":{"line":28,"column":10}},{"start":{"line":24,"column":13},"end":{"line":28,"column":10}}],"line":21},"2":{"loc":{"start":{"line":37,"column":8},"end":{"line":44,"column":9}},"type":"if","locations":[{"start":{"line":37,"column":8},"end":{"line":44,"column":9}},{"start":{},"end":{}}],"line":37},"3":{"loc":{"start":{"line":38,"column":12},"end":{"line":43,"column":13}},"type":"if","locations":[{"start":{"line":38,"column":12},"end":{"line":43,"column":13}},{"start":{"line":41,"column":17},"end":{"line":43,"column":13}}],"line":38}},"s":{"0":2,"1":14,"2":14,"3":14,"4":14,"5":14,"6":4,"7":3,"8":3,"9":3,"10":1,"11":1,"12":0,"13":1,"14":1,"15":2,"16":1,"17":1,"18":1,"19":2,"20":2,"21":1,"22":1,"23":1,"24":2},"f":{"0":14,"1":4,"2":1,"3":2,"4":1,"5":2},"b":{"0":[3,1],"1":[0,1],"2":[2,0],"3":[1,1]},"_coverageSchema":"1a1c01bbd47fc00a2c39e90264f33305004495a9","hash":"8cb65197522327d372f4ad4ff2d1b571ff6de9c7"}
}
