TN:
SF:Formulário\formularioDeAdocao.js
FN:5,(anonymous_0)
FN:12,(anonymous_1)
FN:19,(anonymous_2)
FN:28,(anonymous_3)
FN:37,(anonymous_4)
FNF:5
FNH:5
FNDA:8,(anonymous_0)
FNDA:2,(anonymous_1)
FNDA:2,(anonymous_2)
FNDA:2,(anonymous_3)
FNDA:2,(anonymous_4)
DA:1,1
DA:2,1
DA:6,8
DA:7,8
DA:8,8
DA:9,8
DA:10,8
DA:13,2
DA:14,1
DA:16,1
DA:20,2
DA:21,2
DA:22,1
DA:24,1
DA:29,2
DA:30,2
DA:31,1
DA:33,1
DA:38,2
DA:39,1
DA:40,1
DA:42,1
DA:48,1
LF:23
LH:23
BRDA:13,0,0,1
BRDA:13,0,1,1
BRDA:20,1,0,2
BRDA:20,1,1,0
BRDA:21,2,0,1
BRDA:21,2,1,1
BRDA:29,3,0,2
BRDA:29,3,1,0
BRDA:30,4,0,1
BRDA:30,4,1,1
BRDA:38,5,0,1
BRDA:38,5,1,1
BRF:12
BRH:10
end_of_record
TN:
SF:Gatos\gatos.js
FN:3,(anonymous_0)
FN:10,(anonymous_1)
FN:13,(anonymous_2)
FNF:3
FNH:3
FNDA:13,(anonymous_0)
FNDA:1,(anonymous_1)
FNDA:1,(anonymous_2)
DA:4,13
DA:5,13
DA:6,13
DA:7,13
DA:8,13
DA:11,1
DA:14,1
DA:17,4
LF:8
LH:8
BRF:0
BRH:0
end_of_record
TN:
SF:Histórico Médico\historicoMedico.js
FN:3,(anonymous_0)
FN:9,(anonymous_1)
FN:23,(anonymous_2)
FN:28,(anonymous_3)
FN:39,(anonymous_4)
FNF:5
FNH:5
FNDA:6,(anonymous_0)
FNDA:1,(anonymous_1)
FNDA:1,(anonymous_2)
FNDA:3,(anonymous_3)
FNDA:1,(anonymous_4)
DA:1,1
DA:4,6
DA:5,6
DA:6,6
DA:7,6
DA:10,1
DA:19,1
DA:24,1
DA:25,1
DA:29,3
DA:31,1
DA:33,1
DA:35,1
DA:40,1
DA:41,1
DA:50,1
LF:16
LH:16
BRDA:29,0,0,1
BRDA:29,0,1,1
BRDA:29,0,2,1
BRDA:40,1,0,1
BRDA:40,1,1,0
BRF:5
BRH:4
end_of_record
TN:
SF:ProjetoLarTemporario\projetoLarTemporario.js
FN:4,(anonymous_0)
FN:11,(anonymous_1)
FN:20,(anonymous_2)
FN:26,(anonymous_3)
FN:31,(anonymous_4)
FN:36,(anonymous_5)
FNF:6
FNH:6
FNDA:14,(anonymous_0)
FNDA:4,(anonymous_1)
FNDA:1,(anonymous_2)
FNDA:2,(anonymous_3)
FNDA:1,(anonymous_4)
FNDA:2,(anonymous_5)
DA:1,2
DA:5,14
DA:6,14
DA:7,14
DA:8,14
DA:9,14
DA:12,4
DA:13,3
DA:14,3
DA:15,3
DA:17,1
DA:21,1
DA:22,0
DA:25,1
DA:26,2
DA:27,1
DA:32,1
DA:33,1
DA:37,2
DA:38,2
DA:39,1
DA:40,1
DA:42,1
DA:60,2
LF:24
LH:23
BRDA:12,0,0,3
BRDA:12,0,1,1
BRDA:21,1,0,0
BRDA:21,1,1,1
BRDA:37,2,0,2
BRDA:37,2,1,0
BRDA:38,3,0,1
BRDA:38,3,1,1
BRF:8
BRH:6
end_of_record
