TN:
SF:Formulário\formularioDeAdocao.js
FN:4,(anonymous_0)
FN:9,(anonymous_1)
FN:20,(anonymous_2)
FN:30,(anonymous_3)
FN:39,(anonymous_4)
FNF:5
FNH:4
FNDA:6,(anonymous_0)
FNDA:2,(anonymous_1)
FNDA:2,(anonymous_2)
FNDA:2,(anonymous_3)
FNDA:0,(anonymous_4)
DA:1,1
DA:5,6
DA:6,6
DA:7,6
DA:10,2
DA:11,1
DA:13,1
DA:21,2
DA:22,2
DA:23,1
DA:25,1
DA:31,2
DA:32,2
DA:33,1
DA:35,1
DA:40,0
DA:47,1
LF:17
LH:16
BRDA:10,0,0,1
BRDA:10,0,1,1
BRDA:21,1,0,2
BRDA:21,1,1,0
BRDA:22,2,0,1
BRDA:22,2,1,1
BRDA:31,3,0,2
BRDA:31,3,1,0
BRDA:32,4,0,1
BRDA:32,4,1,1
BRDA:40,5,0,0
BRDA:40,5,1,0
BRF:12
BRH:8
end_of_record
TN:
SF:Gatos\gatos.js
FN:3,(anonymous_0)
FN:14,(anonymous_1)
FN:18,(anonymous_2)
FN:22,(anonymous_3)
FNF:4
FNH:4
FNDA:7,(anonymous_0)
FNDA:1,(anonymous_1)
FNDA:1,(anonymous_2)
FNDA:2,(anonymous_3)
DA:4,7
DA:5,7
DA:6,7
DA:7,7
DA:8,7
DA:9,7
DA:10,7
DA:11,7
DA:15,1
DA:19,1
DA:23,2
DA:24,2
DA:25,1
DA:26,1
DA:28,1
DA:42,3
LF:16
LH:16
BRDA:23,0,0,2
BRDA:23,0,1,0
BRDA:24,1,0,1
BRDA:24,1,1,1
BRF:4
BRH:3
end_of_record
TN:
SF:ProjetoLarTemporario\projetoLarTemporario.js
FN:4,(anonymous_0)
FN:10,(anonymous_1)
FN:20,(anonymous_2)
FN:26,(anonymous_3)
FN:30,(anonymous_4)
FNF:5
FNH:4
FNDA:3,(anonymous_0)
FNDA:4,(anonymous_1)
FNDA:1,(anonymous_2)
FNDA:2,(anonymous_3)
FNDA:0,(anonymous_4)
DA:1,1
DA:5,3
DA:6,3
DA:7,3
DA:8,3
DA:11,4
DA:12,3
DA:13,3
DA:14,3
DA:16,1
DA:21,1
DA:22,0
DA:25,1
DA:26,2
DA:27,1
DA:31,0
DA:32,0
DA:48,1
LF:18
LH:15
BRDA:11,0,0,3
BRDA:11,0,1,1
BRDA:21,1,0,0
BRDA:21,1,1,1
BRF:4
BRH:3
end_of_record
